[2025-11-16 09:22:16] dev_utils/create_py_media_env.sh already committed previously, skipping.
[2025-11-16 09:24:03] Committed dev_utils/linux_init_install.sh with message: 'feat: add script for linux initial install'
[2025-11-17 06:56:38] dev_utils/docker_utils.sh already committed previously, skipping.
[2025-11-17 06:56:38] dev_utils/linux_init_install.sh already committed previously, skipping.
[2025-11-17 06:56:38] Committed dev_utils/linux_post_init_install.sh with message: 'feat: add script for linux post initial install'
[2025-11-17 11:08:45] Commit already performed today (2025-11-17).
[2025-11-17 14:24:04] Commit already performed today (2025-11-17).
[2025-11-17 22:23:24] Commit already performed today (2025-11-17).
[2025-11-18 06:50:31] Committed dev_utils/linux_weekly.sh with message: 'feat: add script for linux weekly tasks'
[2025-11-18 06:56:34] Commit already performed today (2025-11-18).
[2025-11-19 06:56:36] py_media_utils/compress_pdf.py already committed previously, skipping.
[2025-11-19 06:56:36] Committed py_media_utils/convert_trim_webm_to_mp4.py with message: 'feat: add script to convert and trim webm to mp4'
[2025-11-19 06:58:17] Commit already performed today (2025-11-19).
[2025-11-19 17:00:37] Commit already performed today (2025-11-19).
[2025-11-20 06:55:00] Committed py_media_utils/convert_vob_to_mp4.py with message: 'feat: add script to convert vob to mp4'
[2025-11-20 06:56:16] Commit already performed today (2025-11-20).
[2025-11-20 09:39:14] Commit already performed today (2025-11-20).
[2025-11-22 09:42:45] Commit already performed today (2025-11-22).
[2025-11-22 09:47:15] py_media_utils/images_to_pdf.py já commitado e sem alterações, ignorando.
[2025-11-22 09:47:15] ✅ Commitado py_media_utils/ogg_to_mp3.py com mensagem: 'feat: add script to convert ogg to mp3'
[2025-11-22 19:43:27] Commit already performed today (2025-11-22).
[2025-11-23 08:01:54] py_media_utils/remove_pdf_pages.py already committed and unchanged, skipping.
[2025-11-23 08:07:07] py_media_utils/trim_mp3.py already committed and unchanged, skipping.
[2025-11-23 08:07:07] ✅ Committed py_media_utils/trim_mp4.py with message: 'feat: add script to trim mp4 video'
[2025-11-23 08:07:41] Commit already performed today (2025-11-23).
[2025-11-23 09:11:41] Commit already performed today (2025-11-23).
[2025-11-24 07:38:20] py_media_utils/unite_pdf.py already committed and unchanged, skipping.
[2025-11-24 07:38:20] ✅ Committed py_media_utils/yt.py with message: 'feat: add script to handle youtube downloads'
[2025-11-24 11:17:57] Commit already performed today (2025-11-24).
[2025-11-24 13:28:23] Commit already performed today (2025-11-24).
[2025-11-24 22:35:46] Commit already performed today (2025-11-24).
[2025-11-25 07:09:52] py_media_utils/yt_to_mp3.py already committed and unchanged, skipping.
[2025-11-25 07:20:33] All files have already been committed.
[2025-11-25 07:31:33] All files have already been committed.
[2025-11-25 19:20:25] All files have already been committed.
[2025-11-26 06:56:02] All files have already been committed.
[2025-11-26 06:58:11] All files have already been committed.
[2025-11-26 21:09:15] All files have already been committed.
[2025-11-27 06:56:24] All files have already been committed.
[2025-11-28 07:35:01] All files have already been committed.
[2025-11-28 07:40:00] All files have already been committed.
[2025-11-28 14:18:01] All files have already been committed.
[2025-11-28 15:41:09] All files have already been committed.
[2025-11-29 07:25:52] All files have already been committed.
[2025-11-29 09:41:00] All files have already been committed.
[2025-11-30 06:56:46] All files have already been committed.
[2025-11-30 21:54:57] All files have already been committed.
[2025-12-01 10:49:02] All files have already been committed.
[2025-12-02 05:32:56] All files have already been committed.
[2025-12-02 06:56:00] All files have already been committed.
[2025-12-02 19:08:15] All files have already been committed.
[2025-12-03 08:49:32] All files have already been committed.
[2025-12-04 06:56:16] All files have already been committed.
[2025-12-04 08:22:12] All files have already been committed.
[2025-12-04 09:28:19] All files have already been committed.
[2025-12-05 06:56:17] All files have already been committed.
