2025-11-25 20:41:10,444 - INFO - 
=======================================================
2025-11-25 20:41:10,444 - INFO - --- Starting Bioinformatics Dataset Preparation Pipeline ---
2025-11-25 20:41:10,445 - INFO - =======================================================

2025-11-25 20:41:10,445 - INFO - --- 1. Processing IEDB Positive Data ---
2025-11-25 20:41:10,445 - INFO -   - Starting IEDB data streaming download from: https://www.iedb.org/file_export.php?file_type=1&host_id=any&organism_id=any&epitope_length=any&method_id=any
2025-11-25 20:41:11,427 - ERROR - ❌ Error during IEDB download: 403 Client Error: Forbidden for url: https://www.iedb.org/file_export.php?file_type=1&host_id=any&organism_id=any&epitope_length=any&method_id=any
2025-11-25 20:41:11,428 - ERROR - ❌ Failed to obtain raw IEDB data.
2025-11-25 20:41:11,428 - ERROR - 
❌ Failure: Could not obtain positive data. Aborting.
2025-11-25 20:46:20,795 - INFO - 
=======================================================
2025-11-25 20:46:20,795 - INFO - --- Starting Bioinformatics Dataset Preparation Pipeline ---
2025-11-25 20:46:20,795 - INFO - =======================================================

2025-11-25 20:46:20,795 - INFO - --- 1. Processing IEDB Positive Data ---
2025-11-25 20:46:34,706 - INFO -   - IEDB API probe successful. Starting pagination.
2025-11-25 20:46:34,706 - INFO -   - Downloading batch 1 (Offset: 0)...
2025-11-25 20:47:57,167 - INFO -   - Downloading batch 2 (Offset: 10000)...
2025-11-25 20:49:04,596 - INFO -   - Downloading batch 3 (Offset: 20000)...
2025-11-25 20:50:18,104 - INFO -   - Downloading batch 4 (Offset: 30000)...
2025-11-25 20:51:26,297 - INFO -   - Downloading batch 5 (Offset: 40000)...
2025-11-25 20:52:34,524 - INFO -   - Downloading batch 6 (Offset: 50000)...
2025-11-25 20:53:47,504 - INFO -   - Downloading batch 7 (Offset: 60000)...
2025-11-25 20:55:03,616 - INFO -   - Downloading batch 8 (Offset: 70000)...
2025-11-25 20:56:11,273 - INFO -   - Downloading batch 9 (Offset: 80000)...
2025-11-25 20:57:24,708 - INFO -   - Downloading batch 10 (Offset: 90000)...
2025-11-25 20:58:00,475 - INFO -   - Downloading batch 11 (Offset: 100000)...
2025-11-25 20:58:37,518 - INFO -   - Downloading batch 12 (Offset: 110000)...
2025-11-25 20:59:14,990 - INFO -   - Downloading batch 13 (Offset: 120000)...
2025-11-25 20:59:52,017 - INFO -   - Downloading batch 14 (Offset: 130000)...
2025-11-25 21:00:57,423 - INFO -   - Downloading batch 15 (Offset: 140000)...
2025-11-25 21:01:55,652 - INFO -   - Downloading batch 16 (Offset: 150000)...
2025-11-25 21:02:59,531 - INFO -   - Downloading batch 17 (Offset: 160000)...
2025-11-25 21:04:01,886 - INFO -   - Downloading batch 18 (Offset: 170000)...
2025-11-25 21:05:12,772 - INFO -   - Downloading batch 19 (Offset: 180000)...
2025-11-25 21:06:22,798 - INFO -   - Downloading batch 20 (Offset: 190000)...
2025-11-25 21:07:33,143 - INFO -   - Downloading batch 21 (Offset: 200000)...
2025-11-25 21:08:43,495 - INFO -   - Downloading batch 22 (Offset: 210000)...
2025-11-25 21:09:52,413 - INFO -   - Downloading batch 23 (Offset: 220000)...
2025-11-25 21:11:00,927 - INFO -   - Downloading batch 24 (Offset: 230000)...
2025-11-25 21:12:16,101 - INFO -   - Downloading batch 25 (Offset: 240000)...
2025-11-25 21:13:26,854 - INFO -   - Downloading batch 26 (Offset: 250000)...
2025-11-25 21:14:38,658 - INFO -   - Downloading batch 27 (Offset: 260000)...
2025-11-25 21:15:49,820 - INFO -   - Downloading batch 28 (Offset: 270000)...
2025-11-25 21:17:11,962 - INFO -   - Downloading batch 29 (Offset: 280000)...
2025-11-25 21:18:28,244 - INFO -   - Downloading batch 30 (Offset: 290000)...
2025-11-25 21:19:03,072 - INFO -   - Batch 30 was partial (3769 records). Download complete.
2025-11-25 21:19:03,228 - INFO -   - Total raw records downloaded: 293769
2025-11-25 21:19:03,808 - WARNING -   - Required FASTA column 'epitope_id' not found. Filling with placeholder.
2025-11-25 21:19:04,966 - ERROR - 
❌ Failed to obtain valid IEDB positive data after cleaning.
2025-11-25 21:19:05,018 - ERROR - 
❌ Failure: Could not obtain positive data. Aborting.
